<?xml version="1.0" encoding="UTF-8"?>
<testsuite name="TestPlugin" tests="7" skipped="0" failures="0" errors="0" timestamp="2020-10-22T21:06:17" hostname="LAPTOP-ER8HPF1P" time="0.646">
  <properties/>
  <testcase name="run the greet task" classname="TestPlugin" time="0.031"/>
  <testcase name="print an hello message" classname="TestPlugin" time="0.009"/>
  <testcase name="default configuration should" classname="TestPlugin" time="6.045"/>
  <testcase name="run the greet task" classname="TestPlugin" time="0.003"/>
  <testcase name="print an hello message" classname="TestPlugin" time="0.003"/>
  <testcase name="a message in Italian" classname="TestPlugin" time="0.595"/>
  <testcase name="running the plugin with" classname="TestPlugin" time="6.688"/>
  <system-out><![CDATA[]]></system-out>
  <system-err><![CDATA[]]></system-err>
</testsuite>
