<?xml version="1.0" encoding="UTF-8"?>
<testsuite name="TestPlugin" tests="7" skipped="0" failures="0" errors="0" timestamp="2020-10-22T21:31:21" hostname="LAPTOP-ER8HPF1P" time="0.82">
  <properties/>
  <testcase name="run the greet task" classname="TestPlugin" time="0.033"/>
  <testcase name="print an hello message" classname="TestPlugin" time="0.01"/>
  <testcase name="default configuration should" classname="TestPlugin" time="6.993"/>
  <testcase name="run the greet task" classname="TestPlugin" time="0.002"/>
  <testcase name="print an hello message" classname="TestPlugin" time="0.004"/>
  <testcase name="a message in Italian" classname="TestPlugin" time="0.765"/>
  <testcase name="running the plugin with" classname="TestPlugin" time="7.857"/>
  <system-out><![CDATA[]]></system-out>
  <system-err><![CDATA[]]></system-err>
</testsuite>
